  mpiaa_lab4.cpp
C:\Program Files\Microsoft Visual Studio\2022\Community\VC\Tools\MSVC\14.41.34120\include\xmemory(902,19): error C2338: static_assert failed: 'The C++ Standard forbids allocators for reference elements because of [allocator.requirements].'
  (компиляция исходного файла "mpiaa_lab4.cpp")
      C:\Program Files\Microsoft Visual Studio\2022\Community\VC\Tools\MSVC\14.41.34120\include\xmemory(902,19):
      контекст создания экземпляра шаблона (сначала самый старый)
          C:\Users\evgen\source\repos\nstu\Mpiaa\mpiaa_lab4\mpiaa_lab4.cpp(8,29):
          выполняется компиляция ссылки на экземпляр класс шаблон функции "std::vector<std::ifstream &,std::allocator<std::ifstream &>>"
          C:\Program Files\Microsoft Visual Studio\2022\Community\VC\Tools\MSVC\14.41.34120\include\vector(435,26):
          выполняется компиляция ссылки на экземпляр псевдоним шаблон функции "std::_Rebind_alloc_t<_Alloc,_Ty>"
          with
          [
              _Alloc=std::allocator<std::ifstream &>,
              _Ty=std::ifstream &
          ]
          C:\Program Files\Microsoft Visual Studio\2022\Community\VC\Tools\MSVC\14.41.34120\include\xmemory(746,69):
          выполняется компиляция ссылки на экземпляр класс шаблон функции "std::allocator_traits<_Alloc>"
          with
          [
              _Alloc=std::allocator<std::ifstream &>
          ]
          C:\Program Files\Microsoft Visual Studio\2022\Community\VC\Tools\MSVC\14.41.34120\include\xmemory(723,27):
          выполняется компиляция ссылки на экземпляр класс шаблон функции "std::_Default_allocator_traits<_Alloc>"
          with
          [
              _Alloc=std::allocator<std::ifstream &>
          ]
          C:\Program Files\Microsoft Visual Studio\2022\Community\VC\Tools\MSVC\14.41.34120\include\xmemory(626,45):
          выполняется компиляция ссылки на экземпляр класс шаблон функции "std::allocator<std::ifstream &>"
  
C:\Program Files\Microsoft Visual Studio\2022\Community\VC\Tools\MSVC\14.41.34120\include\xmemory(910,69): error C2528: "abstract declarator": невозможно создать указатель на ссылку
  (компиляция исходного файла "mpiaa_lab4.cpp")
  
C:\Program Files\Microsoft Visual Studio\2022\Community\VC\Tools\MSVC\14.41.34120\include\xmemory(911,75): error C2528: "abstract declarator": невозможно создать указатель на ссылку
  (компиляция исходного файла "mpiaa_lab4.cpp")
  
C:\Program Files\Microsoft Visual Studio\2022\Community\VC\Tools\MSVC\14.41.34120\include\xmemory(929,60): error C2528: "address": невозможно создать указатель на ссылку
  (компиляция исходного файла "mpiaa_lab4.cpp")
  
C:\Program Files\Microsoft Visual Studio\2022\Community\VC\Tools\MSVC\14.41.34120\include\xmemory(933,66): error C2528: "address": невозможно создать указатель на ссылку
  (компиляция исходного файла "mpiaa_lab4.cpp")
  
C:\Program Files\Microsoft Visual Studio\2022\Community\VC\Tools\MSVC\14.41.34120\include\xmemory(946,45): error C2528: "_Ptr": невозможно создать указатель на ссылку
  (компиляция исходного файла "mpiaa_lab4.cpp")
  
C:\Program Files\Microsoft Visual Studio\2022\Community\VC\Tools\MSVC\14.41.34120\include\xmemory(952,70): error C2528: "allocate": невозможно создать указатель на ссылку
  (компиляция исходного файла "mpiaa_lab4.cpp")
  
C:\Program Files\Microsoft Visual Studio\2022\Community\VC\Tools\MSVC\14.41.34120\include\xmemory(965,96): error C2528: "allocate": невозможно создать указатель на ссылку
  (компиляция исходного файла "mpiaa_lab4.cpp")
  
C:\Program Files\Microsoft Visual Studio\2022\Community\VC\Tools\MSVC\14.41.34120\include\xmemory(628,42): error C2528: "abstract declarator": невозможно создать указатель на ссылку
  (компиляция исходного файла "mpiaa_lab4.cpp")
  
C:\Program Files\Microsoft Visual Studio\2022\Community\VC\Tools\MSVC\14.41.34120\include\xmemory(629,48): error C2528: "abstract declarator": невозможно создать указатель на ссылку
  (компиляция исходного файла "mpiaa_lab4.cpp")
  
C:\Program Files\Microsoft Visual Studio\2022\Community\VC\Tools\MSVC\14.41.34120\include\xmemory(648,1): error C2528: "<template-parameter>": невозможно создать указатель на ссылку
  (компиляция исходного файла "mpiaa_lab4.cpp")
  
C:\Program Files\Microsoft Visual Studio\2022\Community\VC\Tools\MSVC\14.41.34120\include\xmemory(662,1): error C2528: "<template-parameter>": невозможно создать указатель на ссылку
  (компиляция исходного файла "mpiaa_lab4.cpp")
  
C:\Program Files\Microsoft Visual Studio\2022\Community\VC\Tools\MSVC\14.41.34120\include\vector(441,19): error C2338: static_assert failed: 'The C++ Standard forbids containers of non-object types because of [container.requirements].'
  (компиляция исходного файла "mpiaa_lab4.cpp")
  
C:\Program Files\Microsoft Visual Studio\2022\Community\VC\Tools\MSVC\14.41.34120\include\xmemory(759,89): error C2528: "abstract declarator": невозможно создать указатель на ссылку
  (компиляция исходного файла "mpiaa_lab4.cpp")
      C:\Program Files\Microsoft Visual Studio\2022\Community\VC\Tools\MSVC\14.41.34120\include\xmemory(759,89):
      контекст создания экземпляра шаблона (сначала самый старый)
          C:\Program Files\Microsoft Visual Studio\2022\Community\VC\Tools\MSVC\14.41.34120\include\vector(592,50):
          выполняется компиляция ссылки на шаблон переменной "const bool _Is_simple_alloc_v<std::allocator<std::basic_ifstream<char,std::char_traits<char> > &> >"
  
C:\Program Files\Microsoft Visual Studio\2022\Community\VC\Tools\MSVC\14.41.34120\include\xmemory(756,1): error C2528: "<template-parameter>": невозможно создать указатель на ссылку
  (компиляция исходного файла "mpiaa_lab4.cpp")
  
C:\Program Files\Microsoft Visual Studio\2022\Community\VC\Tools\MSVC\14.41.34120\include\xmemory(760,101): error C2528: "abstract declarator": невозможно создать указатель на ссылку
  (компиляция исходного файла "mpiaa_lab4.cpp")
  
C:\Program Files\Microsoft Visual Studio\2022\Community\VC\Tools\MSVC\14.41.34120\include\vector(593,67): error C2528: "<template-parameter>": невозможно создать указатель на ссылку
  (компиляция исходного файла "mpiaa_lab4.cpp")
  
C:\Program Files\Microsoft Visual Studio\2022\Community\VC\Tools\MSVC\14.41.34120\include\vector(870,23): error C2535: void std::vector<std::ifstream &,std::allocator<std::ifstream &>>::push_back(_Ty): функция-член уже определена или объявлена
C:\Program Files\Microsoft Visual Studio\2022\Community\VC\Tools\MSVC\14.41.34120\include\vector(870,23): error C2535:         with
C:\Program Files\Microsoft Visual Studio\2022\Community\VC\Tools\MSVC\14.41.34120\include\vector(870,23): error C2535:         [
C:\Program Files\Microsoft Visual Studio\2022\Community\VC\Tools\MSVC\14.41.34120\include\vector(870,23): error C2535:             _Ty=std::ifstream &
C:\Program Files\Microsoft Visual Studio\2022\Community\VC\Tools\MSVC\14.41.34120\include\vector(870,23): error C2535:         ]
  (компиляция исходного файла "mpiaa_lab4.cpp")
      C:\Program Files\Microsoft Visual Studio\2022\Community\VC\Tools\MSVC\14.41.34120\include\vector(866,23):
       см. объявление "std::vector<std::ifstream &,std::allocator<std::ifstream &>>::push_back"
  
C:\Program Files\Microsoft Visual Studio\2022\Community\VC\Tools\MSVC\14.41.34120\include\vector(1000,27): error C2535: std::_Vector_iterator<std::_Vector_val<std::_Simple_types<_Ty>>> std::vector<_Ty,std::allocator<_Ty>>::insert(std::_Vector_const_iterator<std::_Vector_val<std::_Simple_types<_Ty>>>,_Ty): функция-член уже определена или объявлена
C:\Program Files\Microsoft Visual Studio\2022\Community\VC\Tools\MSVC\14.41.34120\include\vector(1000,27): error C2535:         with
C:\Program Files\Microsoft Visual Studio\2022\Community\VC\Tools\MSVC\14.41.34120\include\vector(1000,27): error C2535:         [
C:\Program Files\Microsoft Visual Studio\2022\Community\VC\Tools\MSVC\14.41.34120\include\vector(1000,27): error C2535:             _Ty=std::ifstream &
C:\Program Files\Microsoft Visual Studio\2022\Community\VC\Tools\MSVC\14.41.34120\include\vector(1000,27): error C2535:         ]
  (компиляция исходного файла "mpiaa_lab4.cpp")
      C:\Program Files\Microsoft Visual Studio\2022\Community\VC\Tools\MSVC\14.41.34120\include\vector(996,27):
       см. объявление "std::vector<std::ifstream &,std::allocator<std::ifstream &>>::insert"
  
C:\Program Files\Microsoft Visual Studio\2022\Community\VC\Tools\MSVC\14.41.34120\include\vector(1790,34): error C2528: "data": невозможно создать указатель на ссылку
  (компиляция исходного файла "mpiaa_lab4.cpp")
  
C:\Program Files\Microsoft Visual Studio\2022\Community\VC\Tools\MSVC\14.41.34120\include\vector(1794,40): error C2528: "data": невозможно создать указатель на ссылку
  (компиляция исходного файла "mpiaa_lab4.cpp")
  
C:\Program Files\Microsoft Visual Studio\2022\Community\VC\Tools\MSVC\14.41.34120\include\vector(1850,34): error C2528: "_Unchecked_begin": невозможно создать указатель на ссылку
  (компиляция исходного файла "mpiaa_lab4.cpp")
  
C:\Program Files\Microsoft Visual Studio\2022\Community\VC\Tools\MSVC\14.41.34120\include\vector(1854,40): error C2528: "_Unchecked_begin": невозможно создать указатель на ссылку
  (компиляция исходного файла "mpiaa_lab4.cpp")
  
C:\Program Files\Microsoft Visual Studio\2022\Community\VC\Tools\MSVC\14.41.34120\include\vector(1858,34): error C2528: "_Unchecked_end": невозможно создать указатель на ссылку
  (компиляция исходного файла "mpiaa_lab4.cpp")
  
C:\Program Files\Microsoft Visual Studio\2022\Community\VC\Tools\MSVC\14.41.34120\include\vector(1862,40): error C2528: "_Unchecked_end": невозможно создать указатель на ссылку
  (компиляция исходного файла "mpiaa_lab4.cpp")
  
C:\Program Files\Microsoft Visual Studio\2022\Community\VC\Tools\MSVC\14.41.34120\include\xmemory(768,39): error C2528: "abstract declarator": невозможно создать указатель на ссылку
  (компиляция исходного файла "mpiaa_lab4.cpp")
      C:\Program Files\Microsoft Visual Studio\2022\Community\VC\Tools\MSVC\14.41.34120\include\xmemory(768,39):
      контекст создания экземпляра шаблона (сначала самый старый)
          C:\Program Files\Microsoft Visual Studio\2022\Community\VC\Tools\MSVC\14.41.34120\include\vector(2201,41):
          выполняется компиляция ссылки на экземпляр класс шаблон функции "std::_Compressed_pair<std::allocator<std::ifstream &>,std::_Vector_val<std::_Simple_types<_Ty>>,true>"
          with
          [
              _Ty=std::ifstream &
          ]
          C:\Program Files\Microsoft Visual Studio\2022\Community\VC\Tools\MSVC\14.41.34120\include\xmemory(1488,10):
          выполняется компиляция ссылки на экземпляр класс шаблон функции "std::_Vector_val<std::_Simple_types<_Ty>>"
          with
          [
              _Ty=std::ifstream &
          ]
          C:\Program Files\Microsoft Visual Studio\2022\Community\VC\Tools\MSVC\14.41.34120\include\vector(392,50):
          выполняется компиляция ссылки на экземпляр класс шаблон функции "std::_Simple_types<_Ty>"
          with
          [
              _Ty=std::ifstream &
          ]
  
C:\Program Files\Microsoft Visual Studio\2022\Community\VC\Tools\MSVC\14.41.34120\include\xmemory(769,45): error C2528: "abstract declarator": невозможно создать указатель на ссылку
  (компиляция исходного файла "mpiaa_lab4.cpp")
  
